<?xml version="1.0" encoding="UTF-8"?>
<testsuite xmlns:xsi="http://www.w3.org/2001/XMLSchema-instance" xsi:noNamespaceSchemaLocation="https://maven.apache.org/surefire/maven-surefire-plugin/xsd/surefire-test-report-3.0.xsd" version="3.0" name="com.bellacabral.teste.ReplaceUtilsTest" time="0.045" tests="2" errors="0" skipped="0" failures="0">
  <properties>
    <property name="sun.desktop" value="windows"/>
    <property name="awt.toolkit" value="sun.awt.windows.WToolkit"/>
    <property name="java.specification.version" value="11"/>
    <property name="sun.cpu.isalist" value="amd64"/>
    <property name="sun.jnu.encoding" value="Cp1252"/>
    <property name="java.class.path" value="C:\Users\guilh\OneDrive\Documentos\spring-tool-suite-4-4.22.0.RELEASE\Mod38\target\test-classes;C:\Users\guilh\OneDrive\Documentos\spring-tool-suite-4-4.22.0.RELEASE\Mod38\target\classes;C:\Users\guilh\.m2\repository\org\jboss\spec\jboss-javaee-all-7.0\1.0.1.Final\jboss-javaee-all-7.0-1.0.1.Final.jar;C:\Users\guilh\.m2\repository\javax\activation\activation\1.1.1\activation-1.1.1.jar;C:\Users\guilh\.m2\repository\javax\enterprise\cdi-api\1.1\cdi-api-1.1.jar;C:\Users\guilh\.m2\repository\javax\inject\javax.inject\1\javax.inject-1.jar;C:\Users\guilh\.m2\repository\javax\jws\jsr181-api\1.0-MR1\jsr181-api-1.0-MR1.jar;C:\Users\guilh\.m2\repository\com\sun\mail\javax.mail\1.5.1\javax.mail-1.5.1.jar;C:\Users\guilh\.m2\repository\javax\validation\validation-api\1.1.0.Final\validation-api-1.1.0.Final.jar;C:\Users\guilh\.m2\repository\org\hibernate\javax\persistence\hibernate-jpa-2.1-api\1.0.0.Final\hibernate-jpa-2.1-api-1.0.0.Final.jar;C:\Users\guilh\.m2\repository\org\jboss\spec\javax\annotation\jboss-annotations-api_1.2_spec\1.0.0.Final\jboss-annotations-api_1.2_spec-1.0.0.Final.jar;C:\Users\guilh\.m2\repository\org\jboss\spec\javax\batch\jboss-batch-api_1.0_spec\1.0.0.Final\jboss-batch-api_1.0_spec-1.0.0.Final.jar;C:\Users\guilh\.m2\repository\org\jboss\spec\javax\ejb\jboss-ejb-api_3.2_spec\1.0.0.Final\jboss-ejb-api_3.2_spec-1.0.0.Final.jar;C:\Users\guilh\.m2\repository\org\jboss\spec\javax\el\jboss-el-api_3.0_spec\1.0.4.Final\jboss-el-api_3.0_spec-1.0.4.Final.jar;C:\Users\guilh\.m2\repository\org\jboss\spec\javax\enterprise\concurrent\jboss-concurrency-api_1.0_spec\1.0.0.Final\jboss-concurrency-api_1.0_spec-1.0.0.Final.jar;C:\Users\guilh\.m2\repository\org\jboss\spec\javax\faces\jboss-jsf-api_2.2_spec\2.2.7\jboss-jsf-api_2.2_spec-2.2.7.jar;C:\Users\guilh\.m2\repository\org\jboss\spec\javax\interceptor\jboss-interceptors-api_1.2_spec\1.0.0.Final\jboss-interceptors-api_1.2_spec-1.0.0.Final.jar;C:\Users\guilh\.m2\repository\org\jboss\spec\javax\json\jboss-json-api_1.0_spec\1.0.0.Final\jboss-json-api_1.0_spec-1.0.0.Final.jar;C:\Users\guilh\.m2\repository\org\jboss\spec\javax\management\j2ee\jboss-j2eemgmt-api_1.1_spec\1.0.1.Final\jboss-j2eemgmt-api_1.1_spec-1.0.1.Final.jar;C:\Users\guilh\.m2\repository\org\jboss\spec\javax\resource\jboss-connector-api_1.7_spec\1.0.0.Final\jboss-connector-api_1.7_spec-1.0.0.Final.jar;C:\Users\guilh\.m2\repository\org\jboss\spec\javax\rmi\jboss-rmi-api_1.0_spec\1.0.4.Final\jboss-rmi-api_1.0_spec-1.0.4.Final.jar;C:\Users\guilh\.m2\repository\org\jboss\spec\javax\security\jacc\jboss-jacc-api_1.5_spec\1.0.0.Final\jboss-jacc-api_1.5_spec-1.0.0.Final.jar;C:\Users\guilh\.m2\repository\org\jboss\spec\javax\security\auth\message\jboss-jaspi-api_1.1_spec\1.0.0.Final\jboss-jaspi-api_1.1_spec-1.0.0.Final.jar;C:\Users\guilh\.m2\repository\org\jboss\spec\javax\jms\jboss-jms-api_2.0_spec\1.0.0.Final\jboss-jms-api_2.0_spec-1.0.0.Final.jar;C:\Users\guilh\.m2\repository\org\jboss\spec\javax\servlet\jboss-servlet-api_3.1_spec\1.0.0.Final\jboss-servlet-api_3.1_spec-1.0.0.Final.jar;C:\Users\guilh\.m2\repository\org\jboss\spec\javax\servlet\jsp\jboss-jsp-api_2.3_spec\1.0.1.Final\jboss-jsp-api_2.3_spec-1.0.1.Final.jar;C:\Users\guilh\.m2\repository\org\jboss\spec\javax\servlet\jstl\jboss-jstl-api_1.2_spec\1.1.2.Final\jboss-jstl-api_1.2_spec-1.1.2.Final.jar;C:\Users\guilh\.m2\repository\org\jboss\spec\javax\transaction\jboss-transaction-api_1.2_spec\1.0.0.Final\jboss-transaction-api_1.2_spec-1.0.0.Final.jar;C:\Users\guilh\.m2\repository\org\jboss\resteasy\jaxrs-api\3.0.8.Final\jaxrs-api-3.0.8.Final.jar;C:\Users\guilh\.m2\repository\org\jboss\spec\javax\websocket\jboss-websocket-api_1.0_spec\1.0.0.Final\jboss-websocket-api_1.0_spec-1.0.0.Final.jar;C:\Users\guilh\.m2\repository\org\jboss\spec\javax\xml\bind\jboss-jaxb-api_2.2_spec\1.0.4.Final\jboss-jaxb-api_2.2_spec-1.0.4.Final.jar;C:\Users\guilh\.m2\repository\org\jboss\spec\javax\xml\soap\jboss-saaj-api_1.3_spec\1.0.3.Final\jboss-saaj-api_1.3_spec-1.0.3.Final.jar;C:\Users\guilh\.m2\repository\org\jboss\spec\javax\xml\ws\jboss-jaxws-api_2.2_spec\2.0.2.Final\jboss-jaxws-api_2.2_spec-2.0.2.Final.jar;C:\Users\guilh\.m2\repository\org\primefaces\primefaces\5.3\primefaces-5.3.jar;C:\Users\guilh\.m2\repository\org\primefaces\themes\all-themes\1.0.10\all-themes-1.0.10.jar;C:\Users\guilh\.m2\repository\org\postgresql\postgresql\42.6.0\postgresql-42.6.0.jar;C:\Users\guilh\.m2\repository\org\checkerframework\checker-qual\3.31.0\checker-qual-3.31.0.jar;C:\Users\guilh\.m2\repository\junit\junit\4.13.1\junit-4.13.1.jar;C:\Users\guilh\.m2\repository\org\hamcrest\hamcrest-core\1.3\hamcrest-core-1.3.jar;"/>
    <property name="java.vm.vendor" value="Oracle Corporation"/>
    <property name="sun.arch.data.model" value="64"/>
    <property name="user.variant" value=""/>
    <property name="java.vendor.url" value="https://openjdk.java.net/"/>
    <property name="user.timezone" value="America/Sao_Paulo"/>
    <property name="java.vm.specification.version" value="11"/>
    <property name="os.name" value="Windows 11"/>
    <property name="sun.java.launcher" value="SUN_STANDARD"/>
    <property name="user.country" value="BR"/>
    <property name="sun.boot.library.path" value="C:\Program Files\Java\jdk-11\bin"/>
    <property name="sun.java.command" value="C:\Users\guilh\AppData\Local\Temp\surefire13920672605479363952\surefirebooter-20241120105315244_3.jar C:\Users\guilh\AppData\Local\Temp\surefire13920672605479363952 2024-11-20T10-53-14_038-jvmRun1 surefire-20241120105315244_1tmp surefire_0-20241120105315244_2tmp"/>
    <property name="jdk.debug" value="release"/>
    <property name="surefire.test.class.path" value="C:\Users\guilh\OneDrive\Documentos\spring-tool-suite-4-4.22.0.RELEASE\Mod38\target\test-classes;C:\Users\guilh\OneDrive\Documentos\spring-tool-suite-4-4.22.0.RELEASE\Mod38\target\classes;C:\Users\guilh\.m2\repository\org\jboss\spec\jboss-javaee-all-7.0\1.0.1.Final\jboss-javaee-all-7.0-1.0.1.Final.jar;C:\Users\guilh\.m2\repository\javax\activation\activation\1.1.1\activation-1.1.1.jar;C:\Users\guilh\.m2\repository\javax\enterprise\cdi-api\1.1\cdi-api-1.1.jar;C:\Users\guilh\.m2\repository\javax\inject\javax.inject\1\javax.inject-1.jar;C:\Users\guilh\.m2\repository\javax\jws\jsr181-api\1.0-MR1\jsr181-api-1.0-MR1.jar;C:\Users\guilh\.m2\repository\com\sun\mail\javax.mail\1.5.1\javax.mail-1.5.1.jar;C:\Users\guilh\.m2\repository\javax\validation\validation-api\1.1.0.Final\validation-api-1.1.0.Final.jar;C:\Users\guilh\.m2\repository\org\hibernate\javax\persistence\hibernate-jpa-2.1-api\1.0.0.Final\hibernate-jpa-2.1-api-1.0.0.Final.jar;C:\Users\guilh\.m2\repository\org\jboss\spec\javax\annotation\jboss-annotations-api_1.2_spec\1.0.0.Final\jboss-annotations-api_1.2_spec-1.0.0.Final.jar;C:\Users\guilh\.m2\repository\org\jboss\spec\javax\batch\jboss-batch-api_1.0_spec\1.0.0.Final\jboss-batch-api_1.0_spec-1.0.0.Final.jar;C:\Users\guilh\.m2\repository\org\jboss\spec\javax\ejb\jboss-ejb-api_3.2_spec\1.0.0.Final\jboss-ejb-api_3.2_spec-1.0.0.Final.jar;C:\Users\guilh\.m2\repository\org\jboss\spec\javax\el\jboss-el-api_3.0_spec\1.0.4.Final\jboss-el-api_3.0_spec-1.0.4.Final.jar;C:\Users\guilh\.m2\repository\org\jboss\spec\javax\enterprise\concurrent\jboss-concurrency-api_1.0_spec\1.0.0.Final\jboss-concurrency-api_1.0_spec-1.0.0.Final.jar;C:\Users\guilh\.m2\repository\org\jboss\spec\javax\faces\jboss-jsf-api_2.2_spec\2.2.7\jboss-jsf-api_2.2_spec-2.2.7.jar;C:\Users\guilh\.m2\repository\org\jboss\spec\javax\interceptor\jboss-interceptors-api_1.2_spec\1.0.0.Final\jboss-interceptors-api_1.2_spec-1.0.0.Final.jar;C:\Users\guilh\.m2\repository\org\jboss\spec\javax\json\jboss-json-api_1.0_spec\1.0.0.Final\jboss-json-api_1.0_spec-1.0.0.Final.jar;C:\Users\guilh\.m2\repository\org\jboss\spec\javax\management\j2ee\jboss-j2eemgmt-api_1.1_spec\1.0.1.Final\jboss-j2eemgmt-api_1.1_spec-1.0.1.Final.jar;C:\Users\guilh\.m2\repository\org\jboss\spec\javax\resource\jboss-connector-api_1.7_spec\1.0.0.Final\jboss-connector-api_1.7_spec-1.0.0.Final.jar;C:\Users\guilh\.m2\repository\org\jboss\spec\javax\rmi\jboss-rmi-api_1.0_spec\1.0.4.Final\jboss-rmi-api_1.0_spec-1.0.4.Final.jar;C:\Users\guilh\.m2\repository\org\jboss\spec\javax\security\jacc\jboss-jacc-api_1.5_spec\1.0.0.Final\jboss-jacc-api_1.5_spec-1.0.0.Final.jar;C:\Users\guilh\.m2\repository\org\jboss\spec\javax\security\auth\message\jboss-jaspi-api_1.1_spec\1.0.0.Final\jboss-jaspi-api_1.1_spec-1.0.0.Final.jar;C:\Users\guilh\.m2\repository\org\jboss\spec\javax\jms\jboss-jms-api_2.0_spec\1.0.0.Final\jboss-jms-api_2.0_spec-1.0.0.Final.jar;C:\Users\guilh\.m2\repository\org\jboss\spec\javax\servlet\jboss-servlet-api_3.1_spec\1.0.0.Final\jboss-servlet-api_3.1_spec-1.0.0.Final.jar;C:\Users\guilh\.m2\repository\org\jboss\spec\javax\servlet\jsp\jboss-jsp-api_2.3_spec\1.0.1.Final\jboss-jsp-api_2.3_spec-1.0.1.Final.jar;C:\Users\guilh\.m2\repository\org\jboss\spec\javax\servlet\jstl\jboss-jstl-api_1.2_spec\1.1.2.Final\jboss-jstl-api_1.2_spec-1.1.2.Final.jar;C:\Users\guilh\.m2\repository\org\jboss\spec\javax\transaction\jboss-transaction-api_1.2_spec\1.0.0.Final\jboss-transaction-api_1.2_spec-1.0.0.Final.jar;C:\Users\guilh\.m2\repository\org\jboss\resteasy\jaxrs-api\3.0.8.Final\jaxrs-api-3.0.8.Final.jar;C:\Users\guilh\.m2\repository\org\jboss\spec\javax\websocket\jboss-websocket-api_1.0_spec\1.0.0.Final\jboss-websocket-api_1.0_spec-1.0.0.Final.jar;C:\Users\guilh\.m2\repository\org\jboss\spec\javax\xml\bind\jboss-jaxb-api_2.2_spec\1.0.4.Final\jboss-jaxb-api_2.2_spec-1.0.4.Final.jar;C:\Users\guilh\.m2\repository\org\jboss\spec\javax\xml\soap\jboss-saaj-api_1.3_spec\1.0.3.Final\jboss-saaj-api_1.3_spec-1.0.3.Final.jar;C:\Users\guilh\.m2\repository\org\jboss\spec\javax\xml\ws\jboss-jaxws-api_2.2_spec\2.0.2.Final\jboss-jaxws-api_2.2_spec-2.0.2.Final.jar;C:\Users\guilh\.m2\repository\org\primefaces\primefaces\5.3\primefaces-5.3.jar;C:\Users\guilh\.m2\repository\org\primefaces\themes\all-themes\1.0.10\all-themes-1.0.10.jar;C:\Users\guilh\.m2\repository\org\postgresql\postgresql\42.6.0\postgresql-42.6.0.jar;C:\Users\guilh\.m2\repository\org\checkerframework\checker-qual\3.31.0\checker-qual-3.31.0.jar;C:\Users\guilh\.m2\repository\junit\junit\4.13.1\junit-4.13.1.jar;C:\Users\guilh\.m2\repository\org\hamcrest\hamcrest-core\1.3\hamcrest-core-1.3.jar;"/>
    <property name="sun.cpu.endian" value="little"/>
    <property name="user.home" value="C:\Users\guilh"/>
    <property name="user.language" value="pt"/>
    <property name="java.specification.vendor" value="Oracle Corporation"/>
    <property name="java.version.date" value="2023-01-17"/>
    <property name="java.home" value="C:\Program Files\Java\jdk-11"/>
    <property name="file.separator" value="\"/>
    <property name="style.color" value="always"/>
    <property name="basedir" value="C:\Users\guilh\OneDrive\Documentos\spring-tool-suite-4-4.22.0.RELEASE\Mod38"/>
    <property name="java.vm.compressedOopsMode" value="Zero based"/>
    <property name="line.separator" value="&#10;"/>
    <property name="java.specification.name" value="Java Platform API Specification"/>
    <property name="java.vm.specification.vendor" value="Oracle Corporation"/>
    <property name="java.awt.graphicsenv" value="sun.awt.Win32GraphicsEnvironment"/>
    <property name="surefire.real.class.path" value="C:\Users\guilh\AppData\Local\Temp\surefire13920672605479363952\surefirebooter-20241120105315244_3.jar"/>
    <property name="user.script" value=""/>
    <property name="sun.management.compiler" value="HotSpot 64-Bit Tiered Compilers"/>
    <property name="java.runtime.version" value="11.0.18+9-LTS-195"/>
    <property name="user.name" value="GuilhermeBaeta"/>
    <property name="path.separator" value=";"/>
    <property name="os.version" value="10.0"/>
    <property name="java.runtime.name" value="Java(TM) SE Runtime Environment"/>
    <property name="file.encoding" value="Cp1252"/>
    <property name="java.vm.name" value="Java HotSpot(TM) 64-Bit Server VM"/>
    <property name="java.vendor.version" value="18.9"/>
    <property name="localRepository" value="C:\Users\guilh\.m2\repository"/>
    <property name="java.vendor.url.bug" value="https://bugreport.java.com/bugreport/"/>
    <property name="java.io.tmpdir" value="C:\Users\guilh\AppData\Local\Temp\"/>
    <property name="java.version" value="11.0.18"/>
    <property name="user.dir" value="C:\Users\guilh\OneDrive\Documentos\spring-tool-suite-4-4.22.0.RELEASE\Mod38"/>
    <property name="os.arch" value="amd64"/>
    <property name="java.vm.specification.name" value="Java Virtual Machine Specification"/>
    <property name="java.awt.printerjob" value="sun.awt.windows.WPrinterJob"/>
    <property name="sun.os.patch.level" value=""/>
    <property name="java.library.path" value="C:\Program Files\Java\jdk-11\bin;C:\WINDOWS\Sun\Java\bin;C:\WINDOWS\system32;C:\WINDOWS;C:/sts-4.22.0.RELEASE//plugins/org.eclipse.justj.openjdk.hotspot.jre.full.win32.x86_64_23.0.1.v20241024-1700/jre/bin/server;C:/sts-4.22.0.RELEASE//plugins/org.eclipse.justj.openjdk.hotspot.jre.full.win32.x86_64_23.0.1.v20241024-1700/jre/bin;C:\Program Files\Common Files\Oracle\Java\javapath;C:\Program Files (x86)\Common Files\Oracle\Java\java8path;C:\Program Files (x86)\Common Files\Oracle\Java\javapath;C:\WINDOWS\system32;C:\WINDOWS;C:\WINDOWS\System32\Wbem;C:\WINDOWS\System32\WindowsPowerShell\v1.0\;C:\WINDOWS\System32\OpenSSH\;C:\Program Files\dotnet\;C:\Program Files\Microsoft SQL Server\150\Tools\Binn\;C:\Program Files\SafeNet\Authentication\SAC\x64;C:\Program Files\SafeNet\Authentication\SAC\x32;C:\Program Files\nodejs\;C:\Program Files (x86)\NVIDIA Corporation\PhysX\Common;C:\Program Files\Java\jdk-17\bin;C:\Program Files\NVIDIA Corporation\NVIDIA app\NvDLISR;C:\Program Files\Docker\Docker\resources\bin;C:\apache-maven-3.9.9\bin;C:\Program Files\Git\cmd;C:\Users\guilh\AppData\Local\Microsoft\WindowsApps;C:\Users\guilh\.dotnet\tools;C:\Users\guilh\AppData\Local\Programs\Microsoft VS Code\bin;C:\Users\guilh\AppData\Roaming\npm;C:\Program Files (x86)\Brackets\;C:\Users\guilh\AppData\Local\GitHubDesktop\bin;;C:\sts-4.22.0.RELEASE;;."/>
    <property name="java.vendor" value="Oracle Corporation"/>
    <property name="java.vm.info" value="mixed mode"/>
    <property name="java.vm.version" value="11.0.18+9-LTS-195"/>
    <property name="sun.io.unicode.encoding" value="UnicodeLittle"/>
    <property name="java.class.version" value="55.0"/>
  </properties>
  <testcase name="replaceCPF" classname="com.bellacabral.teste.ReplaceUtilsTest" time="0.004"/>
  <testcase name="replaceTel" classname="com.bellacabral.teste.ReplaceUtilsTest" time="0.0"/>
</testsuite>